Using pre-set license
Built from '2020.3/staging' branch; Version is '2020.3.19f1 (68f137dc9bbe) revision 6877495'; Using compiler version '192528614'; Build Type 'Release'
OS: 'Windows 10 Home; OS build 19042.630; Version 2009; 64bit' Language: 'en' Physical Memory: 15791 MB
BatchMode: 1, IsHumanControllingUs: 0, StartBugReporterOnCrash: 0, Is64bit: 1, IsPro: 0

COMMAND LINE ARGUMENTS:
C:\Program Files\2020.3.19f1\Editor\Unity.exe
-adb2
-batchMode
-noUpm
-name
AssetImportWorker0
-projectPath
C:/JMC Work/Game Dev/Week 1/Roll-A-Ball
-logFile
Logs/AssetImportWorker0.log
-srvPort
55112
Successfully changed project path to: C:/JMC Work/Game Dev/Week 1/Roll-A-Ball
C:/JMC Work/Game Dev/Week 1/Roll-A-Ball
Using Asset Import Pipeline V2.
Refreshing native plugins compatible for Editor in 29.00 ms, found 0 plugins.
Preloading 0 native plugins for Editor in 0.00 ms.
Initialize engine version: 2020.3.19f1 (68f137dc9bbe)
[Subsystems] Discovering subsystems at path C:/Program Files/2020.3.19f1/Editor/Data/Resources/UnitySubsystems
[Subsystems] Discovering subsystems at path C:/JMC Work/Game Dev/Week 1/Roll-A-Ball/Assets
GfxDevice: creating device client; threaded=0
Direct3D:
    Version:  Direct3D 11.0 [level 11.1]
    Renderer: NVIDIA GeForce RTX 3060 Laptop GPU (ID=0x2520)
    Vendor:   
    VRAM:     6023 MB
    Driver:   30.0.14.7212
Initialize mono
Mono path[0] = 'C:/Program Files/2020.3.19f1/Editor/Data/Managed'
Mono path[1] = 'C:/Program Files/2020.3.19f1/Editor/Data/MonoBleedingEdge/lib/mono/unityjit'
Mono config path = 'C:/Program Files/2020.3.19f1/Editor/Data/MonoBleedingEdge/etc'
Using monoOptions --debugger-agent=transport=dt_socket,embedding=1,server=y,suspend=n,address=127.0.0.1:56932
Begin MonoManager ReloadAssembly
Registering precompiled unity dll's ...
Register platform support module: C:/Program Files/2020.3.19f1/Editor/Data/PlaybackEngines/WindowsStandaloneSupport/UnityEditor.WindowsStandalone.Extensions.dll
Registered in 0.003655 seconds.
Native extension for WindowsStandalone target not found
Refreshing native plugins compatible for Editor in 31.76 ms, found 0 plugins.
Preloading 0 native plugins for Editor in 0.00 ms.
Mono: successfully reloaded assembly
- Completed reload, in  1.554 seconds
Domain Reload Profiling:
	ReloadAssembly (1555ms)
		BeginReloadAssembly (80ms)
			ExecutionOrderSort (0ms)
			DisableScriptedObjects (0ms)
			BackupInstance (0ms)
			ReleaseScriptingObjects (0ms)
			CreateAndSetChildDomain (1ms)
		EndReloadAssembly (505ms)
			LoadAssemblies (75ms)
			RebuildTransferFunctionScriptingTraits (0ms)
			SetupTypeCache (178ms)
			ReleaseScriptCaches (0ms)
			RebuildScriptCaches (36ms)
			SetupLoadedEditorAssemblies (205ms)
				LogAssemblyErrors (0ms)
				InitializePlatformSupportModulesInManaged (6ms)
				SetLoadedEditorAssemblies (0ms)
				RefreshPlugins (32ms)
				BeforeProcessingInitializeOnLoad (13ms)
				ProcessInitializeOnLoadAttributes (111ms)
				ProcessInitializeOnLoadMethodAttributes (41ms)
				AfterProcessingInitializeOnLoad (0ms)
				EditorAssembliesLoaded (0ms)
			ExecutionOrderSort2 (0ms)
			AwakeInstancesAfterBackupRestoration (0ms)
Platform modules already initialized, skipping
Registering precompiled user dll's ...
Registered in 0.001220 seconds.
Begin MonoManager ReloadAssembly
Native extension for WindowsStandalone target not found
Refreshing native plugins compatible for Editor in 29.24 ms, found 0 plugins.
Preloading 0 native plugins for Editor in 0.00 ms.
Mono: successfully reloaded assembly
- Completed reload, in  1.070 seconds
Domain Reload Profiling:
	ReloadAssembly (1071ms)
		BeginReloadAssembly (179ms)
			ExecutionOrderSort (0ms)
			DisableScriptedObjects (6ms)
			BackupInstance (0ms)
			ReleaseScriptingObjects (0ms)
			CreateAndSetChildDomain (24ms)
		EndReloadAssembly (809ms)
			LoadAssemblies (112ms)
			RebuildTransferFunctionScriptingTraits (0ms)
			SetupTypeCache (238ms)
			ReleaseScriptCaches (1ms)
			RebuildScriptCaches (46ms)
			SetupLoadedEditorAssemblies (280ms)
				LogAssemblyErrors (0ms)
				InitializePlatformSupportModulesInManaged (6ms)
				SetLoadedEditorAssemblies (0ms)
				RefreshPlugins (29ms)
				BeforeProcessingInitializeOnLoad (80ms)
				ProcessInitializeOnLoadAttributes (140ms)
				ProcessInitializeOnLoadMethodAttributes (12ms)
				AfterProcessingInitializeOnLoad (12ms)
				EditorAssembliesLoaded (0ms)
			ExecutionOrderSort2 (0ms)
			AwakeInstancesAfterBackupRestoration (8ms)
Platform modules already initialized, skipping
========================================================================
Worker process is ready to serve import requests
Launched and connected shader compiler UnityShaderCompiler.exe after 0.09 seconds
Refreshing native plugins compatible for Editor in 0.41 ms, found 0 plugins.
Preloading 0 native plugins for Editor in 0.00 ms.
Unloading 1079 Unused Serialized files (Serialized files now loaded: 0)
System memory in use before: 56.8 MB.
System memory in use after: 56.9 MB.

Unloading 8 unused Assets to reduce memory usage. Loaded Objects now: 1520.
Total: 3.824200 ms (FindLiveObjects: 0.274700 ms CreateObjectMapping: 0.047700 ms MarkObjects: 3.414000 ms  DeleteObjects: 0.086100 ms)

AssetImportParameters requested are different than current active one (requested -> active):
  custom:framework-win-MediaFoundation: 216162199b28c13a410421893ffa2e32 -> 
  custom:video-decoder-ogg-theora: a1e56fd34408186e4bbccfd4996cb3dc -> 
  custom:container-muxer-webm: aa71ff27fc2769a1b78a27578f13a17b -> 
  custom:container-demuxer-webm: 4f35f7cbe854078d1ac9338744f61a02 -> 
  custom:container-demuxer-ogg: 62fdf1f143b41e24485cea50d1cbac27 -> 
  custom:video-encoder-webm-vp8: eb34c28f22e8b96e1ab97ce403110664 -> 
  custom:video-codec-MediaFoundation-h265: 746d11721c4dcdbdad8f713fa42b33f4 -> 
  custom:video-decoder-webm-vp8: 9c59270c3fd7afecdb556c50c9e8de78 -> 
  custom:audio-decoder-ogg-vorbis: bf7c407c2cedff20999df2af8eb42d56 -> 
  custom:audio-encoder-webm-vorbis: bf7c407c2cedff20999df2af8eb42d56 -> 
========================================================================
Received Import Request.
  path: Assets/Scenes
  artifactKey: Guid(6691247f60e389f418674264604a4ae8) Importer(815301076,1909f56bfc062723c751e8b465ee728b)
Start importing Assets/Scenes using Guid(6691247f60e389f418674264604a4ae8) Importer(815301076,1909f56bfc062723c751e8b465ee728b)  -> (artifact id: 'd5b0e462fbab8bedec91fbb0c711b128') in 0.013220 seconds 
  Import took 0.015484 seconds .

========================================================================
Received Import Request.
  Time since last request: 3.674715 seconds.
  path: Assets/Scenes/Scripts
  artifactKey: Guid(dd0e4ce9444924f448f1a95aca4b2374) Importer(815301076,1909f56bfc062723c751e8b465ee728b)
Start importing Assets/Scenes/Scripts using Guid(dd0e4ce9444924f448f1a95aca4b2374) Importer(815301076,1909f56bfc062723c751e8b465ee728b)  -> (artifact id: 'd42cf9cfecc1e3a570dc35cf56537db1') in 0.016819 seconds 
  Import took 0.020391 seconds .

========================================================================
Received Import Request.
  Time since last request: 30.336142 seconds.
  path: Assets/Scenes/Scripts/HelloWorld.cs
  artifactKey: Guid(53baef09c3d13e945ba76cf7fa81d3ff) Importer(815301076,1909f56bfc062723c751e8b465ee728b)
Start importing Assets/Scenes/Scripts/HelloWorld.cs using Guid(53baef09c3d13e945ba76cf7fa81d3ff) Importer(815301076,1909f56bfc062723c751e8b465ee728b)  -> (artifact id: '92900e99727c8b7fe10738d105ad9d75') in 0.080366 seconds 
  Import took 0.082943 seconds .

========================================================================
Received Prepare
Registering precompiled user dll's ...
Registered in 0.001041 seconds.
Begin MonoManager ReloadAssembly
Native extension for WindowsStandalone target not found
Refreshing native plugins compatible for Editor in 0.33 ms, found 0 plugins.
Preloading 0 native plugins for Editor in 0.00 ms.
Mono: successfully reloaded assembly
- Completed reload, in  0.964 seconds
Domain Reload Profiling:
	ReloadAssembly (964ms)
		BeginReloadAssembly (130ms)
			ExecutionOrderSort (0ms)
			DisableScriptedObjects (5ms)
			BackupInstance (0ms)
			ReleaseScriptingObjects (0ms)
			CreateAndSetChildDomain (30ms)
		EndReloadAssembly (745ms)
			LoadAssemblies (114ms)
			RebuildTransferFunctionScriptingTraits (0ms)
			SetupTypeCache (227ms)
			ReleaseScriptCaches (1ms)
			RebuildScriptCaches (42ms)
			SetupLoadedEditorAssemblies (255ms)
				LogAssemblyErrors (0ms)
				InitializePlatformSupportModulesInManaged (8ms)
				SetLoadedEditorAssemblies (1ms)
				RefreshPlugins (0ms)
				BeforeProcessingInitializeOnLoad (69ms)
				ProcessInitializeOnLoadAttributes (154ms)
				ProcessInitializeOnLoadMethodAttributes (12ms)
				AfterProcessingInitializeOnLoad (11ms)
				EditorAssembliesLoaded (0ms)
			ExecutionOrderSort2 (0ms)
			AwakeInstancesAfterBackupRestoration (9ms)
Platform modules already initialized, skipping
Refreshing native plugins compatible for Editor in 0.30 ms, found 0 plugins.
Preloading 0 native plugins for Editor in 0.00 ms.
Unloading 1074 Unused Serialized files (Serialized files now loaded: 0)
System memory in use before: 56.6 MB.
System memory in use after: 56.7 MB.

Unloading 4 unused Assets to reduce memory usage. Loaded Objects now: 1523.
Total: 2.878400 ms (FindLiveObjects: 0.132500 ms CreateObjectMapping: 0.034500 ms MarkObjects: 2.693500 ms  DeleteObjects: 0.016700 ms)

AssetImportParameters requested are different than current active one (requested -> active):
  custom:framework-win-MediaFoundation: 216162199b28c13a410421893ffa2e32 -> 
  custom:video-decoder-ogg-theora: a1e56fd34408186e4bbccfd4996cb3dc -> 
  custom:container-muxer-webm: aa71ff27fc2769a1b78a27578f13a17b -> 
  custom:container-demuxer-webm: 4f35f7cbe854078d1ac9338744f61a02 -> 
  custom:container-demuxer-ogg: 62fdf1f143b41e24485cea50d1cbac27 -> 
  custom:video-encoder-webm-vp8: eb34c28f22e8b96e1ab97ce403110664 -> 
  custom:video-codec-MediaFoundation-h265: 746d11721c4dcdbdad8f713fa42b33f4 -> 
  custom:video-decoder-webm-vp8: 9c59270c3fd7afecdb556c50c9e8de78 -> 
  custom:audio-decoder-ogg-vorbis: bf7c407c2cedff20999df2af8eb42d56 -> 
  custom:audio-encoder-webm-vorbis: bf7c407c2cedff20999df2af8eb42d56 -> 
========================================================================
Received Import Request.
  Time since last request: 7.985110 seconds.
  path: Packages/com.unity.ide.visualstudio/CONTRIBUTING.md
  artifactKey: Guid(cd78ce5b75b8be84d8b94cd99903161f) Importer(815301076,1909f56bfc062723c751e8b465ee728b)
Start importing Packages/com.unity.ide.visualstudio/CONTRIBUTING.md using Guid(cd78ce5b75b8be84d8b94cd99903161f) Importer(815301076,1909f56bfc062723c751e8b465ee728b)  -> (artifact id: '4b192e46c35fb7dc8d047127e5580583') in 0.034828 seconds 
  Import took 0.039138 seconds .

========================================================================
Received Import Request.
  Time since last request: 0.000272 seconds.
  path: Packages/com.unity.test-framework/UnityEditor.TestRunner/GUI/TestListTreeView/Icons.cs
  artifactKey: Guid(27769e9b00b038d47aefe306a4d20bec) Importer(815301076,1909f56bfc062723c751e8b465ee728b)
Start importing Packages/com.unity.test-framework/UnityEditor.TestRunner/GUI/TestListTreeView/Icons.cs using Guid(27769e9b00b038d47aefe306a4d20bec) Importer(815301076,1909f56bfc062723c751e8b465ee728b)  -> (artifact id: '3b31ae94b7dc6713d7b7188eb3295ac2') in 0.008767 seconds 
  Import took 0.011307 seconds .

========================================================================
Received Import Request.
  Time since last request: 0.000257 seconds.
  path: Packages/com.unity.test-framework/UnityEditor.TestRunner/TestLaunchers/PlayerLauncherContextSettings.cs
  artifactKey: Guid(6965880f76f40194593cb53a88f74005) Importer(815301076,1909f56bfc062723c751e8b465ee728b)
Start importing Packages/com.unity.test-framework/UnityEditor.TestRunner/TestLaunchers/PlayerLauncherContextSettings.cs using Guid(6965880f76f40194593cb53a88f74005) Importer(815301076,1909f56bfc062723c751e8b465ee728b)  -> (artifact id: 'becb5be0b610c84bc488d67869291e90') in 0.012427 seconds 
  Import took 0.014784 seconds .

========================================================================
Received Import Request.
  Time since last request: 0.000390 seconds.
  path: Packages/com.unity.quicksearch/Editor/SearchContext.cs
  artifactKey: Guid(f822601df53447747bdffed197fd1d97) Importer(815301076,1909f56bfc062723c751e8b465ee728b)
Start importing Packages/com.unity.quicksearch/Editor/SearchContext.cs using Guid(f822601df53447747bdffed197fd1d97) Importer(815301076,1909f56bfc062723c751e8b465ee728b)  -> (artifact id: '6581c36136d84f6e52ed87452dac4f5f') in 0.009226 seconds 
  Import took 0.011628 seconds .

========================================================================
Received Import Request.
  Time since last request: 0.000266 seconds.
  path: Packages/com.unity.ide.visualstudio/Editor/Plugins/AppleEventIntegration.bundle/Contents
  artifactKey: Guid(543eb5eeeb1d5424ca8876b93fad5326) Importer(815301076,1909f56bfc062723c751e8b465ee728b)
Start importing Packages/com.unity.ide.visualstudio/Editor/Plugins/AppleEventIntegration.bundle/Contents using Guid(543eb5eeeb1d5424ca8876b93fad5326) Importer(815301076,1909f56bfc062723c751e8b465ee728b)  -> (artifact id: '9dd858a79e00b479bf727e6dec07b207') in 0.009637 seconds 
  Import took 0.012028 seconds .

========================================================================
Received Import Request.
  Time since last request: 0.000235 seconds.
  path: Packages/com.unity.quicksearch/Editor/Icons.cs
  artifactKey: Guid(da00e657670bf80408fcf5743394af1e) Importer(815301076,1909f56bfc062723c751e8b465ee728b)
Start importing Packages/com.unity.quicksearch/Editor/Icons.cs using Guid(da00e657670bf80408fcf5743394af1e) Importer(815301076,1909f56bfc062723c751e8b465ee728b)  -> (artifact id: '59a58a44bf458d27622f1a74ec28c410') in 0.004517 seconds 
  Import took 0.008131 seconds .

========================================================================
Received Import Request.
  Time since last request: 0.000254 seconds.
  path: Packages/com.unity.ide.visualstudio/ValidationConfig.json
  artifactKey: Guid(a3f71b076c36a204a864f8c44142b3a9) Importer(815301076,1909f56bfc062723c751e8b465ee728b)
Start importing Packages/com.unity.ide.visualstudio/ValidationConfig.json using Guid(a3f71b076c36a204a864f8c44142b3a9) Importer(815301076,1909f56bfc062723c751e8b465ee728b)  -> (artifact id: 'fec121bb31f0a8e255b314e390752d3e') in 0.015861 seconds 
  Import took 0.018608 seconds .

========================================================================
Received Import Request.
  Time since last request: 0.000250 seconds.
  path: Packages/com.unity.test-framework/CONTRIBUTING.md
  artifactKey: Guid(57d2ac5c7d5786e499d4794973fe0d4e) Importer(815301076,1909f56bfc062723c751e8b465ee728b)
Start importing Packages/com.unity.test-framework/CONTRIBUTING.md using Guid(57d2ac5c7d5786e499d4794973fe0d4e) Importer(815301076,1909f56bfc062723c751e8b465ee728b)  -> (artifact id: '83fd01e655c94de12cc30d7eb7f8623a') in 0.005667 seconds 
  Import took 0.008077 seconds .

========================================================================
Received Import Request.
  Time since last request: 0.000250 seconds.
  path: Packages/com.unity.ide.vscode/CONTRIBUTING.md
  artifactKey: Guid(fcb9be00baf924c4183fc0313e6185c5) Importer(815301076,1909f56bfc062723c751e8b465ee728b)
Start importing Packages/com.unity.ide.vscode/CONTRIBUTING.md using Guid(fcb9be00baf924c4183fc0313e6185c5) Importer(815301076,1909f56bfc062723c751e8b465ee728b)  -> (artifact id: 'bb50de4b9673a8cdc81173317c8b8407') in 0.004173 seconds 
  Import took 0.006956 seconds .

========================================================================
Received Import Request.
  Time since last request: 0.000271 seconds.
  path: Packages/com.unity.quicksearch/Editor/TryConvert.cs
  artifactKey: Guid(bd17150a560bd4742b5e453376be8674) Importer(815301076,1909f56bfc062723c751e8b465ee728b)
Start importing Packages/com.unity.quicksearch/Editor/TryConvert.cs using Guid(bd17150a560bd4742b5e453376be8674) Importer(815301076,1909f56bfc062723c751e8b465ee728b)  -> (artifact id: '1bf2fcc16b2400906242f32a0cc6537f') in 0.009165 seconds 
  Import took 0.012473 seconds .

========================================================================
Received Import Request.
  Time since last request: 0.001237 seconds.
  path: Packages/com.unity.test-framework/UnityEditor.TestRunner/TestLaunchers/EditModeLauncherContextSettings.cs
  artifactKey: Guid(a582090813554df479fb9ca03e9857d3) Importer(815301076,1909f56bfc062723c751e8b465ee728b)
Start importing Packages/com.unity.test-framework/UnityEditor.TestRunner/TestLaunchers/EditModeLauncherContextSettings.cs using Guid(a582090813554df479fb9ca03e9857d3) Importer(815301076,1909f56bfc062723c751e8b465ee728b)  -> (artifact id: '28d4318ac603887b157e354ee632a290') in 0.009920 seconds 
  Import took 0.012906 seconds .

========================================================================
Received Import Request.
  Time since last request: 0.000280 seconds.
  path: Packages/com.unity.quicksearch/Editor/SearchContent.cs
  artifactKey: Guid(a656d86ad99808f4698f473c1675bce1) Importer(815301076,1909f56bfc062723c751e8b465ee728b)
Start importing Packages/com.unity.quicksearch/Editor/SearchContent.cs using Guid(a656d86ad99808f4698f473c1675bce1) Importer(815301076,1909f56bfc062723c751e8b465ee728b)  -> (artifact id: '22c95e33afecf1daed1ed3f5f1fd6d7e') in 0.010515 seconds 
  Import took 0.013413 seconds .

========================================================================
Received Import Request.
  Time since last request: 0.000280 seconds.
  path: Packages/com.unity.test-framework/UnityEditor.TestRunner/TestLaunchers/RemotePlayerLogController.cs
  artifactKey: Guid(edd2a1fe1acbbde43aad39862bb3f4a8) Importer(815301076,1909f56bfc062723c751e8b465ee728b)
Start importing Packages/com.unity.test-framework/UnityEditor.TestRunner/TestLaunchers/RemotePlayerLogController.cs using Guid(edd2a1fe1acbbde43aad39862bb3f4a8) Importer(815301076,1909f56bfc062723c751e8b465ee728b)  -> (artifact id: '72cba60b6e1fbef0956692c60c9708fb') in 0.009848 seconds 
  Import took 0.012669 seconds .

========================================================================
Received Import Request.
  Time since last request: 0.000239 seconds.
  path: Packages/com.unity.quicksearch/Editor/Icons
  artifactKey: Guid(cdfedbbdbcf2026419e05d6917b74f3f) Importer(815301076,1909f56bfc062723c751e8b465ee728b)
Start importing Packages/com.unity.quicksearch/Editor/Icons using Guid(cdfedbbdbcf2026419e05d6917b74f3f) Importer(815301076,1909f56bfc062723c751e8b465ee728b)  -> (artifact id: 'bfd9e0d1edd2f9f2eff69b915230f344') in 0.005445 seconds 
  Import took 0.008261 seconds .

AssetImportWorkerClient::OnTransportError - code=2 error=End of file
